<?xml version="1.0" encoding="UTF-8"?>
<!-- Generated by org.testng.reporters.JUnitReportReporter -->
<testsuite hostname="Arunkumar" name="org.india.Testng1.TestingAuto" tests="1" failures="0" timestamp="22 Sep 2019 08:32:45 GMT" time="0.000" errors="0">
  <testcase name="t1" time="0.000" classname="org.india.Testng1.TestingAuto"/>
</testsuite> <!-- org.india.Testng1.TestingAuto -->
